2026-03-26 10:24:33,400 - INFO - ======================================================================
2026-03-26 10:24:33,400 - INFO - 联邦学习 + 贝叶斯自动找最优 μ（使用原始能耗 Valor，MinMax归一化）
2026-03-26 10:24:33,401 - INFO - ======================================================================
2026-03-26 10:24:33,401 - INFO - 数据版本: old
2026-03-26 10:24:33,401 - INFO - 节点: 8001 - 8042 (41 个)
2026-03-26 10:24:33,402 - INFO - μ 范围: [0.0, 0.1]
2026-03-26 10:24:33,402 - INFO - 试验次数: 1
2026-03-26 10:24:33,402 - INFO - 最大轮数: 10
2026-03-26 10:24:33,402 - INFO - 早停耐心值: 10
2026-03-26 10:24:33,402 - INFO - 学习率衰减: factor=0.5, patience=5
2026-03-26 10:24:33,403 - INFO - ======================================================================
2026-03-26 10:24:34,472 - INFO - 开始 Trial 1/1
2026-03-26 10:24:34,517 - INFO - Trial 0: μ=0.012512
2026-03-26 10:24:35,147 - INFO - 设备: cpu
2026-03-26 11:54:52,555 - INFO -   Round 1: val_loss=0.037205 (new best)
2026-03-26 13:14:26,862 - INFO -   Round 2: val_loss=0.036561 (best: 0.037205 @ round 1)
2026-03-26 14:35:27,262 - INFO -   Round 3: val_loss=0.028178 (new best)
2026-03-26 15:53:41,844 - INFO -   Round 4: val_loss=0.027377 (best: 0.028178 @ round 3)
2026-03-26 16:58:14,172 - INFO -   Round 5: val_loss=0.027678 (best: 0.028178 @ round 3)
2026-03-26 18:02:37,778 - INFO -   Round 6: val_loss=0.027283 (best: 0.028178 @ round 3)
2026-03-26 19:10:04,456 - INFO -   Round 7: val_loss=0.027297 (best: 0.028178 @ round 3)
2026-03-26 20:18:21,606 - INFO -   Round 8: val_loss=0.027310 (best: 0.028178 @ round 3)
2026-03-26 21:28:56,941 - INFO -   Round 9: val_loss=0.026926 (new best)
2026-03-26 22:53:08,836 - INFO -   Round 10: val_loss=0.026795 (best: 0.026926 @ round 9)
2026-03-26 22:53:08,838 - INFO - 使用最佳模型 (round 9)
2026-03-26 22:54:39,178 - INFO -   Test sMAPE: 83.46%
2026-03-26 22:54:39,270 - INFO - 结果保存: D:\Desk\desk\beiyou_c_project\results\fed_optuna\results_20260326_225439.json
2026-03-26 22:54:39,271 - INFO - 摘要保存: D:\Desk\desk\beiyou_c_project\results\fed_optuna\summary_20260326_225439.txt
2026-03-26 22:54:39,271 - INFO - 
======================================================================
2026-03-26 22:54:39,271 - INFO - 优化完成
2026-03-26 22:54:39,272 - INFO - ======================================================================
2026-03-26 22:54:39,274 - INFO - 最优 μ: 0.012512
2026-03-26 22:54:39,276 - INFO - 最优 sMAPE: 83.46%
